<?xml version="1.0" encoding="UTF-8"?>
<!-- Generated by org.testng.reporters.JUnitReportReporter -->
<testsuite skipped="0" hostname="DESKTOP-M2NN6CV" name="testCases.OpenAccountTest" tests="1" failures="0" timestamp="2021-04-01T15:55:58 IST" time="0.696" errors="0">
  <testcase name="openAccountTest" time="0.696" classname="testCases.OpenAccountTest"/>
  <system-out/>
</testsuite> <!-- testCases.OpenAccountTest -->
