<?xml version="1.0" encoding="UTF-8"?>
<!-- Generated by org.testng.reporters.JUnitReportReporter -->
<testsuite skipped="1" hostname="DESKTOP-M2NN6CV" name="testCases.AddCustomerTest" tests="3" failures="0" timestamp="2021-04-01T15:55:58 IST" time="5.361" errors="0">
  <testcase name="addCustomerTest" time="2.906" classname="testCases.AddCustomerTest"/>
  <system-out/>
  <testcase name="addCustomerTest" time="0.012" classname="testCases.AddCustomerTest">
    <skipped/>
  </testcase> <!-- addCustomerTest -->
  <system-out/>
  <testcase name="addCustomerTest" time="2.443" classname="testCases.AddCustomerTest"/>
  <system-out/>
</testsuite> <!-- testCases.AddCustomerTest -->
