<?xml version="1.0" encoding="UTF-8"?>
<!-- Generated by org.testng.reporters.JUnitReportReporter -->
<testsuite skipped="0" hostname="DESKTOP-M2NN6CV" name="testCases.BankManagerLoginTest" tests="2" failures="0" timestamp="2021-04-01T15:55:58 IST" time="0.383" errors="0">
  <testcase name="bankName" time="0.128" classname="testCases.BankManagerLoginTest"/>
  <system-out/>
  <testcase name="loginAsBankManager" time="0.255" classname="testCases.BankManagerLoginTest"/>
  <system-out/>
</testsuite> <!-- testCases.BankManagerLoginTest -->
