<?xml version="1.0" encoding="UTF-8"?>
<!-- Generated by org.testng.reporters.JUnitReportReporter -->
<testsuite skipped="0" hostname="DESKTOP-M2NN6CV" name="testCases.BankManagerLoginTest" tests="1" failures="0" timestamp="2021-03-31T21:07:09 IST" time="0.067" errors="0">
  <testcase name="bankName" time="0.067" classname="testCases.BankManagerLoginTest"/>
  <system-out/>
</testsuite> <!-- testCases.BankManagerLoginTest -->
