<?xml version="1.0" encoding="UTF-8"?>
<!-- Generated by org.testng.reporters.JUnitReportReporter -->
<testsuite skipped="0" hostname="DESKTOP-M2NN6CV" name="testCases.LoginTest" tests="1" failures="0" timestamp="2021-03-29T12:46:58 IST" time="5.402" errors="0">
  <testcase name="LoginAsBankManager" time="5.402" classname="testCases.LoginTest"/>
  <system-out/>
</testsuite> <!-- testCases.LoginTest -->
