<?xml version="1.0" encoding="UTF-8"?>
<!-- Generated by org.testng.reporters.JUnitReportReporter -->
<testsuite skipped="0" hostname="DESKTOP-M2NN6CV" name="testCases.BankManagerLoginTest" tests="1" failures="0" timestamp="2021-03-29T16:03:26 IST" time="5.289" errors="0">
  <testcase name="LoginAsBankManager" time="5.289" classname="testCases.BankManagerLoginTest"/>
  <system-out/>
</testsuite> <!-- testCases.BankManagerLoginTest -->
